running egg_info
creating ../../build/servo_control_py/servo_control_py.egg-info
writing ../../build/servo_control_py/servo_control_py.egg-info/PKG-INFO
writing dependency_links to ../../build/servo_control_py/servo_control_py.egg-info/dependency_links.txt
writing entry points to ../../build/servo_control_py/servo_control_py.egg-info/entry_points.txt
writing requirements to ../../build/servo_control_py/servo_control_py.egg-info/requires.txt
writing top-level names to ../../build/servo_control_py/servo_control_py.egg-info/top_level.txt
writing manifest file '../../build/servo_control_py/servo_control_py.egg-info/SOURCES.txt'
reading manifest file '../../build/servo_control_py/servo_control_py.egg-info/SOURCES.txt'
writing manifest file '../../build/servo_control_py/servo_control_py.egg-info/SOURCES.txt'
running build
running build_py
creating /home/jaxw501/CLAW/ros2_ws/build/servo_control_py/build
creating /home/jaxw501/CLAW/ros2_ws/build/servo_control_py/build/lib
creating /home/jaxw501/CLAW/ros2_ws/build/servo_control_py/build/lib/servo_control_py
copying servo_control_py/remote_control.py -> /home/jaxw501/CLAW/ros2_ws/build/servo_control_py/build/lib/servo_control_py
copying servo_control_py/code_template.py -> /home/jaxw501/CLAW/ros2_ws/build/servo_control_py/build/lib/servo_control_py
copying servo_control_py/__init__.py -> /home/jaxw501/CLAW/ros2_ws/build/servo_control_py/build/lib/servo_control_py
running install
running install_lib
creating /home/jaxw501/CLAW/ros2_ws/install/servo_control_py/lib/python3.10/site-packages/servo_control_py
copying /home/jaxw501/CLAW/ros2_ws/build/servo_control_py/build/lib/servo_control_py/remote_control.py -> /home/jaxw501/CLAW/ros2_ws/install/servo_control_py/lib/python3.10/site-packages/servo_control_py
copying /home/jaxw501/CLAW/ros2_ws/build/servo_control_py/build/lib/servo_control_py/code_template.py -> /home/jaxw501/CLAW/ros2_ws/install/servo_control_py/lib/python3.10/site-packages/servo_control_py
copying /home/jaxw501/CLAW/ros2_ws/build/servo_control_py/build/lib/servo_control_py/__init__.py -> /home/jaxw501/CLAW/ros2_ws/install/servo_control_py/lib/python3.10/site-packages/servo_control_py
byte-compiling /home/jaxw501/CLAW/ros2_ws/install/servo_control_py/lib/python3.10/site-packages/servo_control_py/remote_control.py to remote_control.cpython-310.pyc
byte-compiling /home/jaxw501/CLAW/ros2_ws/install/servo_control_py/lib/python3.10/site-packages/servo_control_py/code_template.py to code_template.cpython-310.pyc
byte-compiling /home/jaxw501/CLAW/ros2_ws/install/servo_control_py/lib/python3.10/site-packages/servo_control_py/__init__.py to __init__.cpython-310.pyc
running install_data
creating /home/jaxw501/CLAW/ros2_ws/install/servo_control_py/share/ament_index
creating /home/jaxw501/CLAW/ros2_ws/install/servo_control_py/share/ament_index/resource_index
creating /home/jaxw501/CLAW/ros2_ws/install/servo_control_py/share/ament_index/resource_index/packages
copying resource/servo_control_py -> /home/jaxw501/CLAW/ros2_ws/install/servo_control_py/share/ament_index/resource_index/packages
copying package.xml -> /home/jaxw501/CLAW/ros2_ws/install/servo_control_py/share/servo_control_py
running install_egg_info
Copying ../../build/servo_control_py/servo_control_py.egg-info to /home/jaxw501/CLAW/ros2_ws/install/servo_control_py/lib/python3.10/site-packages/servo_control_py-0.0.0-py3.10.egg-info
running install_scripts
Installing remote_control script to /home/jaxw501/CLAW/ros2_ws/install/servo_control_py/lib/servo_control_py
writing list of installed files to '/home/jaxw501/CLAW/ros2_ws/build/servo_control_py/install.log'
