[0.679s] Invoking command in '/home/jaxw501/CLAW/ros2_ws/src/servo_control_py': PYTHONPATH=/home/jaxw501/CLAW/ros2_ws/build/servo_control_py/prefix_override:/usr/lib/python3/dist-packages/colcon_core/task/python/colcon_distutils_commands:/home/jaxw501/CLAW/ros2_ws/install/servo_control_py/lib/python3.10/site-packages:${PYTHONPATH} /usr/bin/python3 -W ignore:setup.py install is deprecated setup.py egg_info --egg-base ../../build/servo_control_py build --build-base /home/jaxw501/CLAW/ros2_ws/build/servo_control_py/build install --record /home/jaxw501/CLAW/ros2_ws/build/servo_control_py/install.log --single-version-externally-managed install_data
[0.963s] running egg_info
[0.964s] creating ../../build/servo_control_py/servo_control_py.egg-info
[0.964s] writing ../../build/servo_control_py/servo_control_py.egg-info/PKG-INFO
[0.965s] writing dependency_links to ../../build/servo_control_py/servo_control_py.egg-info/dependency_links.txt
[0.965s] writing entry points to ../../build/servo_control_py/servo_control_py.egg-info/entry_points.txt
[0.965s] writing requirements to ../../build/servo_control_py/servo_control_py.egg-info/requires.txt
[0.965s] writing top-level names to ../../build/servo_control_py/servo_control_py.egg-info/top_level.txt
[0.966s] writing manifest file '../../build/servo_control_py/servo_control_py.egg-info/SOURCES.txt'
[0.967s] reading manifest file '../../build/servo_control_py/servo_control_py.egg-info/SOURCES.txt'
[0.968s] writing manifest file '../../build/servo_control_py/servo_control_py.egg-info/SOURCES.txt'
[0.969s] running build
[0.969s] running build_py
[0.969s] creating /home/jaxw501/CLAW/ros2_ws/build/servo_control_py/build
[0.969s] creating /home/jaxw501/CLAW/ros2_ws/build/servo_control_py/build/lib
[0.969s] creating /home/jaxw501/CLAW/ros2_ws/build/servo_control_py/build/lib/servo_control_py
[0.969s] copying servo_control_py/remote_control.py -> /home/jaxw501/CLAW/ros2_ws/build/servo_control_py/build/lib/servo_control_py
[0.970s] copying servo_control_py/code_template.py -> /home/jaxw501/CLAW/ros2_ws/build/servo_control_py/build/lib/servo_control_py
[0.970s] copying servo_control_py/__init__.py -> /home/jaxw501/CLAW/ros2_ws/build/servo_control_py/build/lib/servo_control_py
[0.970s] running install
[0.970s] running install_lib
[0.971s] creating /home/jaxw501/CLAW/ros2_ws/install/servo_control_py/lib/python3.10/site-packages/servo_control_py
[0.972s] copying /home/jaxw501/CLAW/ros2_ws/build/servo_control_py/build/lib/servo_control_py/remote_control.py -> /home/jaxw501/CLAW/ros2_ws/install/servo_control_py/lib/python3.10/site-packages/servo_control_py
[0.972s] copying /home/jaxw501/CLAW/ros2_ws/build/servo_control_py/build/lib/servo_control_py/code_template.py -> /home/jaxw501/CLAW/ros2_ws/install/servo_control_py/lib/python3.10/site-packages/servo_control_py
[0.972s] copying /home/jaxw501/CLAW/ros2_ws/build/servo_control_py/build/lib/servo_control_py/__init__.py -> /home/jaxw501/CLAW/ros2_ws/install/servo_control_py/lib/python3.10/site-packages/servo_control_py
[0.973s] byte-compiling /home/jaxw501/CLAW/ros2_ws/install/servo_control_py/lib/python3.10/site-packages/servo_control_py/remote_control.py to remote_control.cpython-310.pyc
[0.974s] byte-compiling /home/jaxw501/CLAW/ros2_ws/install/servo_control_py/lib/python3.10/site-packages/servo_control_py/code_template.py to code_template.cpython-310.pyc
[0.974s] byte-compiling /home/jaxw501/CLAW/ros2_ws/install/servo_control_py/lib/python3.10/site-packages/servo_control_py/__init__.py to __init__.cpython-310.pyc
[0.974s] running install_data
[0.975s] creating /home/jaxw501/CLAW/ros2_ws/install/servo_control_py/share/ament_index
[0.975s] creating /home/jaxw501/CLAW/ros2_ws/install/servo_control_py/share/ament_index/resource_index
[0.975s] creating /home/jaxw501/CLAW/ros2_ws/install/servo_control_py/share/ament_index/resource_index/packages
[0.975s] copying resource/servo_control_py -> /home/jaxw501/CLAW/ros2_ws/install/servo_control_py/share/ament_index/resource_index/packages
[0.975s] copying package.xml -> /home/jaxw501/CLAW/ros2_ws/install/servo_control_py/share/servo_control_py
[0.975s] running install_egg_info
[0.977s] Copying ../../build/servo_control_py/servo_control_py.egg-info to /home/jaxw501/CLAW/ros2_ws/install/servo_control_py/lib/python3.10/site-packages/servo_control_py-0.0.0-py3.10.egg-info
[0.978s] running install_scripts
[1.004s] Installing remote_control script to /home/jaxw501/CLAW/ros2_ws/install/servo_control_py/lib/servo_control_py
[1.004s] writing list of installed files to '/home/jaxw501/CLAW/ros2_ws/build/servo_control_py/install.log'
[1.029s] Invoked command in '/home/jaxw501/CLAW/ros2_ws/src/servo_control_py' returned '0': PYTHONPATH=/home/jaxw501/CLAW/ros2_ws/build/servo_control_py/prefix_override:/usr/lib/python3/dist-packages/colcon_core/task/python/colcon_distutils_commands:/home/jaxw501/CLAW/ros2_ws/install/servo_control_py/lib/python3.10/site-packages:${PYTHONPATH} /usr/bin/python3 -W ignore:setup.py install is deprecated setup.py egg_info --egg-base ../../build/servo_control_py build --build-base /home/jaxw501/CLAW/ros2_ws/build/servo_control_py/build install --record /home/jaxw501/CLAW/ros2_ws/build/servo_control_py/install.log --single-version-externally-managed install_data
